ERROR [2024-01-16 11:29:05,700] [Thread-0] (SQLValidatorIntegration.java:68) - Connection is broken: "session closed" [90067-195]
org.h2.message.DbException: Connection is broken: "session closed" [90067-195]
	at org.h2.message.DbException.get(DbException.java:179) ~[h2-1.4.195.jar:1.4.195]
	at org.h2.message.DbException.get(DbException.java:155) ~[h2-1.4.195.jar:1.4.195]
	at org.h2.engine.Session.prepareLocal(Session.java:550) ~[h2-1.4.195.jar:1.4.195]
	at org.h2.engine.Session.prepareCommand(Session.java:514) ~[h2-1.4.195.jar:1.4.195]
	at ch.epfl.gsn.storage.SQLValidator.executeDDL(SQLValidator.java:85) ~[classes/:?]
	at ch.epfl.gsn.vsensor.SQLValidatorIntegration.vsUnLoading(SQLValidatorIntegration.java:66) [classes/:?]
	at ch.epfl.gsn.VSensorLoader.fireVSensorUnLoading(VSensorLoader.java:96) [classes/:?]
	at ch.epfl.gsn.VSensorLoader.removeAllVSResources(VSensorLoader.java:336) [classes/:?]
	at ch.epfl.gsn.VSensorLoader.stopLoading(VSensorLoader.java:513) [classes/:?]
	at ch.epfl.gsn.Main$1.run(Main.java:270) [classes/:?]
Caused by: org.h2.jdbc.JdbcSQLException: Connection is broken: "session closed" [90067-195]
	at org.h2.message.DbException.getJdbcSQLException(DbException.java:345) ~[h2-1.4.195.jar:1.4.195]
	... 10 more
ERROR [2024-01-16 11:29:05,715] [Thread-0] (VSensorLoader.java:97) - Unloading failed !
java.lang.RuntimeException: Unloading : dirruhorn_dozer_nodehealth__mapped is failed.
	at ch.epfl.gsn.VSensorLoader.fireVSensorUnLoading(VSensorLoader.java:97) [classes/:?]
	at ch.epfl.gsn.VSensorLoader.removeAllVSResources(VSensorLoader.java:336) [classes/:?]
	at ch.epfl.gsn.VSensorLoader.stopLoading(VSensorLoader.java:513) [classes/:?]
	at ch.epfl.gsn.Main$1.run(Main.java:270) [classes/:?]
ERROR [2024-01-16 11:38:58,536] [Thread-0] (SQLValidatorIntegration.java:68) - Connection is broken: "session closed" [90067-195]
org.h2.message.DbException: Connection is broken: "session closed" [90067-195]
	at org.h2.message.DbException.get(DbException.java:179) ~[h2-1.4.195.jar:1.4.195]
	at org.h2.message.DbException.get(DbException.java:155) ~[h2-1.4.195.jar:1.4.195]
	at org.h2.engine.Session.prepareLocal(Session.java:550) ~[h2-1.4.195.jar:1.4.195]
	at org.h2.engine.Session.prepareCommand(Session.java:514) ~[h2-1.4.195.jar:1.4.195]
	at ch.epfl.gsn.storage.SQLValidator.executeDDL(SQLValidator.java:85) ~[classes/:?]
	at ch.epfl.gsn.vsensor.SQLValidatorIntegration.vsUnLoading(SQLValidatorIntegration.java:66) [classes/:?]
	at ch.epfl.gsn.VSensorLoader.fireVSensorUnLoading(VSensorLoader.java:96) [classes/:?]
	at ch.epfl.gsn.VSensorLoader.removeAllVSResources(VSensorLoader.java:336) [classes/:?]
	at ch.epfl.gsn.VSensorLoader.stopLoading(VSensorLoader.java:513) [classes/:?]
	at ch.epfl.gsn.Main$1.run(Main.java:270) [classes/:?]
Caused by: org.h2.jdbc.JdbcSQLException: Connection is broken: "session closed" [90067-195]
	at org.h2.message.DbException.getJdbcSQLException(DbException.java:345) ~[h2-1.4.195.jar:1.4.195]
	... 10 more
ERROR [2024-01-16 11:38:58,546] [Thread-0] (VSensorLoader.java:97) - Unloading failed !
java.lang.RuntimeException: Unloading : dirruhorn_dozer_nodehealth__mapped is failed.
	at ch.epfl.gsn.VSensorLoader.fireVSensorUnLoading(VSensorLoader.java:97) [classes/:?]
	at ch.epfl.gsn.VSensorLoader.removeAllVSResources(VSensorLoader.java:336) [classes/:?]
	at ch.epfl.gsn.VSensorLoader.stopLoading(VSensorLoader.java:513) [classes/:?]
	at ch.epfl.gsn.Main$1.run(Main.java:270) [classes/:?]
ERROR [2024-01-16 11:48:54,423] [Thread-0] (SQLValidatorIntegration.java:68) - Connection is broken: "session closed" [90067-195]
org.h2.message.DbException: Connection is broken: "session closed" [90067-195]
	at org.h2.message.DbException.get(DbException.java:179) ~[h2-1.4.195.jar:1.4.195]
	at org.h2.message.DbException.get(DbException.java:155) ~[h2-1.4.195.jar:1.4.195]
	at org.h2.engine.Session.prepareLocal(Session.java:550) ~[h2-1.4.195.jar:1.4.195]
	at org.h2.engine.Session.prepareCommand(Session.java:514) ~[h2-1.4.195.jar:1.4.195]
	at ch.epfl.gsn.storage.SQLValidator.executeDDL(SQLValidator.java:85) ~[classes/:?]
	at ch.epfl.gsn.vsensor.SQLValidatorIntegration.vsUnLoading(SQLValidatorIntegration.java:66) [classes/:?]
	at ch.epfl.gsn.VSensorLoader.fireVSensorUnLoading(VSensorLoader.java:96) [classes/:?]
	at ch.epfl.gsn.VSensorLoader.removeAllVSResources(VSensorLoader.java:336) [classes/:?]
	at ch.epfl.gsn.VSensorLoader.stopLoading(VSensorLoader.java:513) [classes/:?]
	at ch.epfl.gsn.Main$1.run(Main.java:270) [classes/:?]
Caused by: org.h2.jdbc.JdbcSQLException: Connection is broken: "session closed" [90067-195]
	at org.h2.message.DbException.getJdbcSQLException(DbException.java:345) ~[h2-1.4.195.jar:1.4.195]
	... 10 more
ERROR [2024-01-16 11:48:54,428] [Thread-0] (VSensorLoader.java:97) - Unloading failed !
java.lang.RuntimeException: Unloading : dirruhorn_dozer_nodehealth__mapped is failed.
	at ch.epfl.gsn.VSensorLoader.fireVSensorUnLoading(VSensorLoader.java:97) [classes/:?]
	at ch.epfl.gsn.VSensorLoader.removeAllVSResources(VSensorLoader.java:336) [classes/:?]
	at ch.epfl.gsn.VSensorLoader.stopLoading(VSensorLoader.java:513) [classes/:?]
	at ch.epfl.gsn.Main$1.run(Main.java:270) [classes/:?]
ERROR [2024-01-16 11:49:50,689] [Thread-0] (SQLValidatorIntegration.java:68) - Connection is broken: "session closed" [90067-195]
org.h2.message.DbException: Connection is broken: "session closed" [90067-195]
	at org.h2.message.DbException.get(DbException.java:179) ~[h2-1.4.195.jar:1.4.195]
	at org.h2.message.DbException.get(DbException.java:155) ~[h2-1.4.195.jar:1.4.195]
	at org.h2.engine.Session.prepareLocal(Session.java:550) ~[h2-1.4.195.jar:1.4.195]
	at org.h2.engine.Session.prepareCommand(Session.java:514) ~[h2-1.4.195.jar:1.4.195]
	at ch.epfl.gsn.storage.SQLValidator.executeDDL(SQLValidator.java:85) ~[classes/:?]
	at ch.epfl.gsn.vsensor.SQLValidatorIntegration.vsUnLoading(SQLValidatorIntegration.java:66) [classes/:?]
	at ch.epfl.gsn.VSensorLoader.fireVSensorUnLoading(VSensorLoader.java:96) [classes/:?]
	at ch.epfl.gsn.VSensorLoader.removeAllVSResources(VSensorLoader.java:336) [classes/:?]
	at ch.epfl.gsn.VSensorLoader.stopLoading(VSensorLoader.java:513) [classes/:?]
	at ch.epfl.gsn.Main$1.run(Main.java:270) [classes/:?]
Caused by: org.h2.jdbc.JdbcSQLException: Connection is broken: "session closed" [90067-195]
	at org.h2.message.DbException.getJdbcSQLException(DbException.java:345) ~[h2-1.4.195.jar:1.4.195]
	... 10 more
ERROR [2024-01-16 11:49:50,695] [Thread-0] (VSensorLoader.java:97) - Unloading failed !
java.lang.RuntimeException: Unloading : dirruhorn_dozer_nodehealth__mapped is failed.
	at ch.epfl.gsn.VSensorLoader.fireVSensorUnLoading(VSensorLoader.java:97) [classes/:?]
	at ch.epfl.gsn.VSensorLoader.removeAllVSResources(VSensorLoader.java:336) [classes/:?]
	at ch.epfl.gsn.VSensorLoader.stopLoading(VSensorLoader.java:513) [classes/:?]
	at ch.epfl.gsn.Main$1.run(Main.java:270) [classes/:?]
ERROR [2024-01-16 11:55:10,124] [Thread-0] (SQLValidatorIntegration.java:68) - Connection is broken: "session closed" [90067-195]
org.h2.message.DbException: Connection is broken: "session closed" [90067-195]
	at org.h2.message.DbException.get(DbException.java:179) ~[h2-1.4.195.jar:1.4.195]
	at org.h2.message.DbException.get(DbException.java:155) ~[h2-1.4.195.jar:1.4.195]
	at org.h2.engine.Session.prepareLocal(Session.java:550) ~[h2-1.4.195.jar:1.4.195]
	at org.h2.engine.Session.prepareCommand(Session.java:514) ~[h2-1.4.195.jar:1.4.195]
	at ch.epfl.gsn.storage.SQLValidator.executeDDL(SQLValidator.java:85) ~[classes/:?]
	at ch.epfl.gsn.vsensor.SQLValidatorIntegration.vsUnLoading(SQLValidatorIntegration.java:66) [classes/:?]
	at ch.epfl.gsn.VSensorLoader.fireVSensorUnLoading(VSensorLoader.java:96) [classes/:?]
	at ch.epfl.gsn.VSensorLoader.removeAllVSResources(VSensorLoader.java:336) [classes/:?]
	at ch.epfl.gsn.VSensorLoader.stopLoading(VSensorLoader.java:513) [classes/:?]
	at ch.epfl.gsn.Main$1.run(Main.java:270) [classes/:?]
Caused by: org.h2.jdbc.JdbcSQLException: Connection is broken: "session closed" [90067-195]
	at org.h2.message.DbException.getJdbcSQLException(DbException.java:345) ~[h2-1.4.195.jar:1.4.195]
	... 10 more
ERROR [2024-01-16 11:55:10,129] [Thread-0] (VSensorLoader.java:97) - Unloading failed !
java.lang.RuntimeException: Unloading : dirruhorn_dozer_nodehealth__mapped is failed.
	at ch.epfl.gsn.VSensorLoader.fireVSensorUnLoading(VSensorLoader.java:97) [classes/:?]
	at ch.epfl.gsn.VSensorLoader.removeAllVSResources(VSensorLoader.java:336) [classes/:?]
	at ch.epfl.gsn.VSensorLoader.stopLoading(VSensorLoader.java:513) [classes/:?]
	at ch.epfl.gsn.Main$1.run(Main.java:270) [classes/:?]
ERROR [2024-01-16 11:57:26,817] [Thread-0] (SQLValidatorIntegration.java:68) - Connection is broken: "session closed" [90067-195]
org.h2.message.DbException: Connection is broken: "session closed" [90067-195]
	at org.h2.message.DbException.get(DbException.java:179) ~[h2-1.4.195.jar:1.4.195]
	at org.h2.message.DbException.get(DbException.java:155) ~[h2-1.4.195.jar:1.4.195]
	at org.h2.engine.Session.prepareLocal(Session.java:550) ~[h2-1.4.195.jar:1.4.195]
	at org.h2.engine.Session.prepareCommand(Session.java:514) ~[h2-1.4.195.jar:1.4.195]
	at ch.epfl.gsn.storage.SQLValidator.executeDDL(SQLValidator.java:85) ~[classes/:?]
	at ch.epfl.gsn.vsensor.SQLValidatorIntegration.vsUnLoading(SQLValidatorIntegration.java:66) [classes/:?]
	at ch.epfl.gsn.VSensorLoader.fireVSensorUnLoading(VSensorLoader.java:96) [classes/:?]
	at ch.epfl.gsn.VSensorLoader.removeAllVSResources(VSensorLoader.java:336) [classes/:?]
	at ch.epfl.gsn.VSensorLoader.stopLoading(VSensorLoader.java:513) [classes/:?]
	at ch.epfl.gsn.Main$1.run(Main.java:270) [classes/:?]
Caused by: org.h2.jdbc.JdbcSQLException: Connection is broken: "session closed" [90067-195]
	at org.h2.message.DbException.getJdbcSQLException(DbException.java:345) ~[h2-1.4.195.jar:1.4.195]
	... 10 more
ERROR [2024-01-16 11:57:26,820] [Thread-0] (VSensorLoader.java:97) - Unloading failed !
java.lang.RuntimeException: Unloading : dirruhorn_dozer_nodehealth__mapped is failed.
	at ch.epfl.gsn.VSensorLoader.fireVSensorUnLoading(VSensorLoader.java:97) [classes/:?]
	at ch.epfl.gsn.VSensorLoader.removeAllVSResources(VSensorLoader.java:336) [classes/:?]
	at ch.epfl.gsn.VSensorLoader.stopLoading(VSensorLoader.java:513) [classes/:?]
	at ch.epfl.gsn.Main$1.run(Main.java:270) [classes/:?]
