INFO  [2024-01-16 11:24:52,574] [main] (Main.java:301) - Loading wrappers.properties at : ../conf/wrappers.properties
INFO  [2024-01-16 11:24:52,576] [main] (Main.java:303) - Wrappers initialization ...
INFO  [2024-01-16 11:24:52,749] [main] (DataSources.java:58) - Created a DataSource to: jdbc:mysql://localhost/gsn
INFO  [2024-01-16 11:24:53,206] [main] (MySQLStorageManager.java:151) - You are using MySQL version : 5.7.42
INFO  [2024-01-16 11:24:53,207] [main] (StorageManager.java:79) - StorageManager DB connection initialized successfuly. driver:com.mysql.jdbc.Driver url:jdbc:mysql://localhost/gsn
INFO  [2024-01-16 11:24:53,208] [main] (DataSources.java:58) - Created a DataSource to: jdbc:h2:mem:sliding;DB_CLOSE_DELAY=-1
INFO  [2024-01-16 11:24:53,315] [main] (StorageManager.java:79) - StorageManager DB connection initialized successfuly. driver:org.h2.Driver url:jdbc:h2:mem:sliding;DB_CLOSE_DELAY=-1
INFO  [2024-01-16 11:24:53,316] [main] (DataSources.java:58) - Created a DataSource to: jdbc:h2:mem:validator
INFO  [2024-01-16 11:24:53,323] [main] (StorageManager.java:79) - StorageManager DB connection initialized successfuly. driver:org.h2.Driver url:jdbc:h2:mem:validator
INFO  [2024-01-16 11:24:53,574] [main] (Fury.java:137) - Created new fury io.fury.Fury@c2e3264
INFO  [2024-01-16 11:24:54,875] [VSensorLoader-Thread0] (VSensorLoader.java:242) - Reusing the existing dirruhorn_dozer_nodehealth__mapped table.
INFO  [2024-01-16 11:24:54,886] [VSensorLoader-Thread0] (VSensorLoader.java:257) - adding : dirruhorn_dozer_nodehealth__mapped virtual sensor[/home/vagrant/gsn/gsn-core/../virtual-sensors/Dirruhorn_Dozer_NodeHealth__mapped.xml]
INFO  [2024-01-16 11:24:54,888] [VSensorLoader-Thread0] (Mappings.java:55) - Testing the pool for :dirruhorn_dozer_nodehealth__mapped
INFO  [2024-01-16 11:24:55,133] [VSensorLoader-Thread0] (DataDistributer.java:126) - Adding a listener to Distributer:DefaultDistributionRequest Request[[ Delivery System: ch.epfl.gsn.networking.zeromq.ZeroMQDeliveryAsync],[Query:select * from dirruhorn_dozer_nodehealth__mapped],[startTime:1705404295131],[VirtualSensorName:dirruhorn_dozer_nodehealth__mapped]]
INFO  [2024-01-16 11:29:05,667] [Thread-0] (Main.java:268) - Shutting down GSN...
INFO  [2024-01-16 11:29:05,677] [Thread-0] (VSensorLoader.java:329) - Releasing previously used resources used by [dirruhorn_dozer_nodehealth__mapped].
INFO  [2024-01-16 11:29:05,695] [Thread-0] (AbstractWrapper.java:414) - dispose called
ERROR [2024-01-16 11:29:05,700] [Thread-0] (SQLValidatorIntegration.java:68) - Connection is broken: "session closed" [90067-195]
org.h2.message.DbException: Connection is broken: "session closed" [90067-195]
	at org.h2.message.DbException.get(DbException.java:179) ~[h2-1.4.195.jar:1.4.195]
	at org.h2.message.DbException.get(DbException.java:155) ~[h2-1.4.195.jar:1.4.195]
	at org.h2.engine.Session.prepareLocal(Session.java:550) ~[h2-1.4.195.jar:1.4.195]
	at org.h2.engine.Session.prepareCommand(Session.java:514) ~[h2-1.4.195.jar:1.4.195]
	at ch.epfl.gsn.storage.SQLValidator.executeDDL(SQLValidator.java:85) ~[classes/:?]
	at ch.epfl.gsn.vsensor.SQLValidatorIntegration.vsUnLoading(SQLValidatorIntegration.java:66) [classes/:?]
	at ch.epfl.gsn.VSensorLoader.fireVSensorUnLoading(VSensorLoader.java:96) [classes/:?]
	at ch.epfl.gsn.VSensorLoader.removeAllVSResources(VSensorLoader.java:336) [classes/:?]
	at ch.epfl.gsn.VSensorLoader.stopLoading(VSensorLoader.java:513) [classes/:?]
	at ch.epfl.gsn.Main$1.run(Main.java:270) [classes/:?]
Caused by: org.h2.jdbc.JdbcSQLException: Connection is broken: "session closed" [90067-195]
	at org.h2.message.DbException.getJdbcSQLException(DbException.java:345) ~[h2-1.4.195.jar:1.4.195]
	... 10 more
ERROR [2024-01-16 11:29:05,715] [Thread-0] (VSensorLoader.java:97) - Unloading failed !
java.lang.RuntimeException: Unloading : dirruhorn_dozer_nodehealth__mapped is failed.
	at ch.epfl.gsn.VSensorLoader.fireVSensorUnLoading(VSensorLoader.java:97) [classes/:?]
	at ch.epfl.gsn.VSensorLoader.removeAllVSResources(VSensorLoader.java:336) [classes/:?]
	at ch.epfl.gsn.VSensorLoader.stopLoading(VSensorLoader.java:513) [classes/:?]
	at ch.epfl.gsn.Main$1.run(Main.java:270) [classes/:?]
INFO  [2024-01-16 11:29:05,717] [Thread-0] (VSensorLoader.java:514) - Removing the resources associated with : /home/vagrant/gsn/gsn-core/../virtual-sensors/Dirruhorn_Dozer_NodeHealth__mapped.xml [done].
WARN  [2024-01-16 11:29:05,719] [Thread-0] (H2StorageManager.java:212) - Closing the database server (for HSqlDB) [done].
WARN  [2024-01-16 11:29:05,720] [Thread-0] (H2StorageManager.java:213) - Closing the connection pool [done].
WARN  [2024-01-16 11:29:05,720] [Thread-0] (StorageManager.java:384) - Closing the connection pool [done].
WARN  [2024-01-16 11:29:05,721] [Thread-0] (StorageManager.java:384) - Closing the connection pool [done].
INFO  [2024-01-16 11:29:05,722] [Thread-0] (Main.java:271) - All virtual sensors have been stopped, shutting down virtual machine.
INFO  [2024-01-16 11:38:23,676] [main] (Main.java:301) - Loading wrappers.properties at : ../conf/wrappers.properties
INFO  [2024-01-16 11:38:23,704] [main] (Main.java:303) - Wrappers initialization ...
INFO  [2024-01-16 11:38:23,997] [main] (DataSources.java:58) - Created a DataSource to: jdbc:mysql://localhost/gsn
INFO  [2024-01-16 11:38:24,611] [main] (MySQLStorageManager.java:151) - You are using MySQL version : 5.7.42
INFO  [2024-01-16 11:38:24,611] [main] (StorageManager.java:79) - StorageManager DB connection initialized successfuly. driver:com.mysql.jdbc.Driver url:jdbc:mysql://localhost/gsn
INFO  [2024-01-16 11:38:24,612] [main] (DataSources.java:58) - Created a DataSource to: jdbc:h2:mem:sliding;DB_CLOSE_DELAY=-1
INFO  [2024-01-16 11:38:24,757] [main] (StorageManager.java:79) - StorageManager DB connection initialized successfuly. driver:org.h2.Driver url:jdbc:h2:mem:sliding;DB_CLOSE_DELAY=-1
INFO  [2024-01-16 11:38:24,758] [main] (DataSources.java:58) - Created a DataSource to: jdbc:h2:mem:validator
INFO  [2024-01-16 11:38:24,765] [main] (StorageManager.java:79) - StorageManager DB connection initialized successfuly. driver:org.h2.Driver url:jdbc:h2:mem:validator
INFO  [2024-01-16 11:38:25,003] [main] (Fury.java:137) - Created new fury io.fury.Fury@c2e3264
INFO  [2024-01-16 11:38:26,087] [VSensorLoader-Thread0] (VSensorLoader.java:242) - Reusing the existing dirruhorn_dozer_nodehealth__mapped table.
INFO  [2024-01-16 11:38:26,096] [VSensorLoader-Thread0] (VSensorLoader.java:257) - adding : dirruhorn_dozer_nodehealth__mapped virtual sensor[/home/vagrant/gsn/gsn-core/../virtual-sensors/Dirruhorn_Dozer_NodeHealth__mapped.xml]
INFO  [2024-01-16 11:38:26,097] [VSensorLoader-Thread0] (Mappings.java:55) - Testing the pool for :dirruhorn_dozer_nodehealth__mapped
INFO  [2024-01-16 11:38:26,307] [VSensorLoader-Thread0] (DataDistributer.java:126) - Adding a listener to Distributer:DefaultDistributionRequest Request[[ Delivery System: ch.epfl.gsn.networking.zeromq.ZeroMQDeliveryAsync],[Query:select * from dirruhorn_dozer_nodehealth__mapped],[startTime:1705405106305],[VirtualSensorName:dirruhorn_dozer_nodehealth__mapped]]
WARN  [2024-01-16 11:38:28,727] [Remote REST API Wrapper::dirruhorn_dozer_nodehealth__mapped] (RemoteRestAPIWrapper.java:232) - Something went wrong when querying the REST API at http://ifi-walker.uibk.ac.at:9000/ws/api/sensors/Dirruhorn_Dozer_NodeHealth__mapped/data?from=2010-07-30T19:47:04&size=50000 trying again in 1 minute...
INFO  [2024-01-16 11:38:58,526] [Thread-0] (Main.java:268) - Shutting down GSN...
INFO  [2024-01-16 11:38:58,532] [Thread-0] (VSensorLoader.java:329) - Releasing previously used resources used by [dirruhorn_dozer_nodehealth__mapped].
INFO  [2024-01-16 11:38:58,535] [Thread-0] (AbstractWrapper.java:414) - dispose called
ERROR [2024-01-16 11:38:58,536] [Thread-0] (SQLValidatorIntegration.java:68) - Connection is broken: "session closed" [90067-195]
org.h2.message.DbException: Connection is broken: "session closed" [90067-195]
	at org.h2.message.DbException.get(DbException.java:179) ~[h2-1.4.195.jar:1.4.195]
	at org.h2.message.DbException.get(DbException.java:155) ~[h2-1.4.195.jar:1.4.195]
	at org.h2.engine.Session.prepareLocal(Session.java:550) ~[h2-1.4.195.jar:1.4.195]
	at org.h2.engine.Session.prepareCommand(Session.java:514) ~[h2-1.4.195.jar:1.4.195]
	at ch.epfl.gsn.storage.SQLValidator.executeDDL(SQLValidator.java:85) ~[classes/:?]
	at ch.epfl.gsn.vsensor.SQLValidatorIntegration.vsUnLoading(SQLValidatorIntegration.java:66) [classes/:?]
	at ch.epfl.gsn.VSensorLoader.fireVSensorUnLoading(VSensorLoader.java:96) [classes/:?]
	at ch.epfl.gsn.VSensorLoader.removeAllVSResources(VSensorLoader.java:336) [classes/:?]
	at ch.epfl.gsn.VSensorLoader.stopLoading(VSensorLoader.java:513) [classes/:?]
	at ch.epfl.gsn.Main$1.run(Main.java:270) [classes/:?]
Caused by: org.h2.jdbc.JdbcSQLException: Connection is broken: "session closed" [90067-195]
	at org.h2.message.DbException.getJdbcSQLException(DbException.java:345) ~[h2-1.4.195.jar:1.4.195]
	... 10 more
ERROR [2024-01-16 11:38:58,546] [Thread-0] (VSensorLoader.java:97) - Unloading failed !
java.lang.RuntimeException: Unloading : dirruhorn_dozer_nodehealth__mapped is failed.
	at ch.epfl.gsn.VSensorLoader.fireVSensorUnLoading(VSensorLoader.java:97) [classes/:?]
	at ch.epfl.gsn.VSensorLoader.removeAllVSResources(VSensorLoader.java:336) [classes/:?]
	at ch.epfl.gsn.VSensorLoader.stopLoading(VSensorLoader.java:513) [classes/:?]
	at ch.epfl.gsn.Main$1.run(Main.java:270) [classes/:?]
INFO  [2024-01-16 11:38:58,547] [Thread-0] (VSensorLoader.java:514) - Removing the resources associated with : /home/vagrant/gsn/gsn-core/../virtual-sensors/Dirruhorn_Dozer_NodeHealth__mapped.xml [done].
WARN  [2024-01-16 11:38:58,547] [Thread-0] (H2StorageManager.java:212) - Closing the database server (for HSqlDB) [done].
WARN  [2024-01-16 11:38:58,547] [Thread-0] (H2StorageManager.java:213) - Closing the connection pool [done].
WARN  [2024-01-16 11:38:58,547] [Thread-0] (StorageManager.java:384) - Closing the connection pool [done].
WARN  [2024-01-16 11:38:58,547] [Thread-0] (StorageManager.java:384) - Closing the connection pool [done].
INFO  [2024-01-16 11:38:58,548] [Thread-0] (Main.java:271) - All virtual sensors have been stopped, shutting down virtual machine.
INFO  [2024-01-16 11:43:17,836] [main] (Main.java:301) - Loading wrappers.properties at : ../conf/wrappers.properties
INFO  [2024-01-16 11:43:17,840] [main] (Main.java:303) - Wrappers initialization ...
INFO  [2024-01-16 11:43:18,067] [main] (DataSources.java:58) - Created a DataSource to: jdbc:mysql://localhost/gsn
INFO  [2024-01-16 11:43:18,517] [main] (MySQLStorageManager.java:151) - You are using MySQL version : 5.7.42
INFO  [2024-01-16 11:43:18,517] [main] (StorageManager.java:79) - StorageManager DB connection initialized successfuly. driver:com.mysql.jdbc.Driver url:jdbc:mysql://localhost/gsn
INFO  [2024-01-16 11:43:18,519] [main] (DataSources.java:58) - Created a DataSource to: jdbc:h2:mem:sliding;DB_CLOSE_DELAY=-1
INFO  [2024-01-16 11:43:18,635] [main] (StorageManager.java:79) - StorageManager DB connection initialized successfuly. driver:org.h2.Driver url:jdbc:h2:mem:sliding;DB_CLOSE_DELAY=-1
INFO  [2024-01-16 11:43:18,635] [main] (DataSources.java:58) - Created a DataSource to: jdbc:h2:mem:validator
INFO  [2024-01-16 11:43:18,642] [main] (StorageManager.java:79) - StorageManager DB connection initialized successfuly. driver:org.h2.Driver url:jdbc:h2:mem:validator
INFO  [2024-01-16 11:43:18,846] [main] (Fury.java:137) - Created new fury io.fury.Fury@c2e3264
INFO  [2024-01-16 11:43:19,546] [VSensorLoader-Thread0] (VSensorLoader.java:242) - Reusing the existing dirruhorn_dozer_nodehealth__mapped table.
INFO  [2024-01-16 11:43:19,558] [VSensorLoader-Thread0] (VSensorLoader.java:257) - adding : dirruhorn_dozer_nodehealth__mapped virtual sensor[/home/vagrant/gsn/gsn-core/../virtual-sensors/Dirruhorn_Dozer_NodeHealth__mapped.xml]
INFO  [2024-01-16 11:43:19,560] [VSensorLoader-Thread0] (Mappings.java:55) - Testing the pool for :dirruhorn_dozer_nodehealth__mapped
INFO  [2024-01-16 11:43:19,771] [VSensorLoader-Thread0] (DataDistributer.java:126) - Adding a listener to Distributer:DefaultDistributionRequest Request[[ Delivery System: ch.epfl.gsn.networking.zeromq.ZeroMQDeliveryAsync],[Query:select * from dirruhorn_dozer_nodehealth__mapped],[startTime:1705405399769],[VirtualSensorName:dirruhorn_dozer_nodehealth__mapped]]
WARN  [2024-01-16 11:43:21,947] [Remote REST API Wrapper::dirruhorn_dozer_nodehealth__mapped] (RemoteRestAPIWrapper.java:233) - Something went wrong when querying the REST API at http://ifi-walker.uibk.ac.at:9000/ws/api/sensors/Dirruhorn_Dozer_NodeHealth__mapped/data?from=2010-07-30T19:47:04&size=50000 trying again in 1 minute...
WARN  [2024-01-16 11:44:23,985] [Remote REST API Wrapper::dirruhorn_dozer_nodehealth__mapped] (RemoteRestAPIWrapper.java:233) - Something went wrong when querying the REST API at http://ifi-walker.uibk.ac.at:9000/ws/api/sensors/Dirruhorn_Dozer_NodeHealth__mapped/data?from=2010-07-30T19:47:04&size=50000 trying again in 1 minute...
WARN  [2024-01-16 11:45:25,652] [Remote REST API Wrapper::dirruhorn_dozer_nodehealth__mapped] (RemoteRestAPIWrapper.java:233) - Something went wrong when querying the REST API at http://ifi-walker.uibk.ac.at:9000/ws/api/sensors/Dirruhorn_Dozer_NodeHealth__mapped/data?from=2010-07-30T19:47:04&size=50000 trying again in 1 minute...
WARN  [2024-01-16 11:46:27,228] [Remote REST API Wrapper::dirruhorn_dozer_nodehealth__mapped] (RemoteRestAPIWrapper.java:233) - Something went wrong when querying the REST API at http://ifi-walker.uibk.ac.at:9000/ws/api/sensors/Dirruhorn_Dozer_NodeHealth__mapped/data?from=2010-07-30T19:47:04&size=50000 trying again in 1 minute...
WARN  [2024-01-16 11:47:28,741] [Remote REST API Wrapper::dirruhorn_dozer_nodehealth__mapped] (RemoteRestAPIWrapper.java:233) - Something went wrong when querying the REST API at http://ifi-walker.uibk.ac.at:9000/ws/api/sensors/Dirruhorn_Dozer_NodeHealth__mapped/data?from=2010-07-30T19:47:04&size=50000 trying again in 1 minute...
WARN  [2024-01-16 11:48:28,846] [Remote REST API Wrapper::dirruhorn_dozer_nodehealth__mapped] (RemoteRestAPIWrapper.java:233) - Something went wrong when querying the REST API at http://ifi-walker.uibk.ac.at:9000/ws/api/sensors/Dirruhorn_Dozer_NodeHealth__mapped/data?from=2010-07-30T19:47:04&size=50000 trying again in 1 minute...
INFO  [2024-01-16 11:48:54,413] [Thread-0] (Main.java:268) - Shutting down GSN...
INFO  [2024-01-16 11:48:54,417] [Thread-0] (VSensorLoader.java:329) - Releasing previously used resources used by [dirruhorn_dozer_nodehealth__mapped].
INFO  [2024-01-16 11:48:54,422] [Thread-0] (AbstractWrapper.java:414) - dispose called
ERROR [2024-01-16 11:48:54,423] [Thread-0] (SQLValidatorIntegration.java:68) - Connection is broken: "session closed" [90067-195]
org.h2.message.DbException: Connection is broken: "session closed" [90067-195]
	at org.h2.message.DbException.get(DbException.java:179) ~[h2-1.4.195.jar:1.4.195]
	at org.h2.message.DbException.get(DbException.java:155) ~[h2-1.4.195.jar:1.4.195]
	at org.h2.engine.Session.prepareLocal(Session.java:550) ~[h2-1.4.195.jar:1.4.195]
	at org.h2.engine.Session.prepareCommand(Session.java:514) ~[h2-1.4.195.jar:1.4.195]
	at ch.epfl.gsn.storage.SQLValidator.executeDDL(SQLValidator.java:85) ~[classes/:?]
	at ch.epfl.gsn.vsensor.SQLValidatorIntegration.vsUnLoading(SQLValidatorIntegration.java:66) [classes/:?]
	at ch.epfl.gsn.VSensorLoader.fireVSensorUnLoading(VSensorLoader.java:96) [classes/:?]
	at ch.epfl.gsn.VSensorLoader.removeAllVSResources(VSensorLoader.java:336) [classes/:?]
	at ch.epfl.gsn.VSensorLoader.stopLoading(VSensorLoader.java:513) [classes/:?]
	at ch.epfl.gsn.Main$1.run(Main.java:270) [classes/:?]
Caused by: org.h2.jdbc.JdbcSQLException: Connection is broken: "session closed" [90067-195]
	at org.h2.message.DbException.getJdbcSQLException(DbException.java:345) ~[h2-1.4.195.jar:1.4.195]
	... 10 more
ERROR [2024-01-16 11:48:54,428] [Thread-0] (VSensorLoader.java:97) - Unloading failed !
java.lang.RuntimeException: Unloading : dirruhorn_dozer_nodehealth__mapped is failed.
	at ch.epfl.gsn.VSensorLoader.fireVSensorUnLoading(VSensorLoader.java:97) [classes/:?]
	at ch.epfl.gsn.VSensorLoader.removeAllVSResources(VSensorLoader.java:336) [classes/:?]
	at ch.epfl.gsn.VSensorLoader.stopLoading(VSensorLoader.java:513) [classes/:?]
	at ch.epfl.gsn.Main$1.run(Main.java:270) [classes/:?]
INFO  [2024-01-16 11:48:54,429] [Thread-0] (VSensorLoader.java:514) - Removing the resources associated with : /home/vagrant/gsn/gsn-core/../virtual-sensors/Dirruhorn_Dozer_NodeHealth__mapped.xml [done].
WARN  [2024-01-16 11:48:54,429] [Thread-0] (H2StorageManager.java:212) - Closing the database server (for HSqlDB) [done].
WARN  [2024-01-16 11:48:54,429] [Thread-0] (H2StorageManager.java:213) - Closing the connection pool [done].
WARN  [2024-01-16 11:48:54,429] [Thread-0] (StorageManager.java:384) - Closing the connection pool [done].
WARN  [2024-01-16 11:48:54,430] [Thread-0] (StorageManager.java:384) - Closing the connection pool [done].
INFO  [2024-01-16 11:48:54,430] [Thread-0] (Main.java:271) - All virtual sensors have been stopped, shutting down virtual machine.
INFO  [2024-01-16 11:49:40,080] [main] (Main.java:301) - Loading wrappers.properties at : ../conf/wrappers.properties
INFO  [2024-01-16 11:49:40,084] [main] (Main.java:303) - Wrappers initialization ...
INFO  [2024-01-16 11:49:40,285] [main] (DataSources.java:58) - Created a DataSource to: jdbc:mysql://localhost/gsn
INFO  [2024-01-16 11:49:40,708] [main] (MySQLStorageManager.java:151) - You are using MySQL version : 5.7.42
INFO  [2024-01-16 11:49:40,708] [main] (StorageManager.java:79) - StorageManager DB connection initialized successfuly. driver:com.mysql.jdbc.Driver url:jdbc:mysql://localhost/gsn
INFO  [2024-01-16 11:49:40,709] [main] (DataSources.java:58) - Created a DataSource to: jdbc:h2:mem:sliding;DB_CLOSE_DELAY=-1
INFO  [2024-01-16 11:49:40,816] [main] (StorageManager.java:79) - StorageManager DB connection initialized successfuly. driver:org.h2.Driver url:jdbc:h2:mem:sliding;DB_CLOSE_DELAY=-1
INFO  [2024-01-16 11:49:40,816] [main] (DataSources.java:58) - Created a DataSource to: jdbc:h2:mem:validator
INFO  [2024-01-16 11:49:40,822] [main] (StorageManager.java:79) - StorageManager DB connection initialized successfuly. driver:org.h2.Driver url:jdbc:h2:mem:validator
INFO  [2024-01-16 11:49:40,991] [main] (Fury.java:137) - Created new fury io.fury.Fury@c2e3264
INFO  [2024-01-16 11:49:41,714] [VSensorLoader-Thread0] (VSensorLoader.java:242) - Reusing the existing dirruhorn_dozer_nodehealth__mapped table.
INFO  [2024-01-16 11:49:41,724] [VSensorLoader-Thread0] (VSensorLoader.java:257) - adding : dirruhorn_dozer_nodehealth__mapped virtual sensor[/home/vagrant/gsn/gsn-core/../virtual-sensors/Dirruhorn_Dozer_NodeHealth__mapped.xml]
INFO  [2024-01-16 11:49:41,727] [VSensorLoader-Thread0] (Mappings.java:55) - Testing the pool for :dirruhorn_dozer_nodehealth__mapped
INFO  [2024-01-16 11:49:42,008] [VSensorLoader-Thread0] (DataDistributer.java:126) - Adding a listener to Distributer:DefaultDistributionRequest Request[[ Delivery System: ch.epfl.gsn.networking.zeromq.ZeroMQDeliveryAsync],[Query:select * from dirruhorn_dozer_nodehealth__mapped],[startTime:1705405782006],[VirtualSensorName:dirruhorn_dozer_nodehealth__mapped]]
WARN  [2024-01-16 11:49:43,895] [Remote REST API Wrapper::dirruhorn_dozer_nodehealth__mapped] (RemoteRestAPIWrapper.java:234) - Something went wrong when querying the REST API at http://ifi-walker.uibk.ac.at:9000/ws/api/sensors/Dirruhorn_Dozer_NodeHealth__mapped/data?from=2010-07-30T19:47:04&size=50000 trying again in 1 minute...
INFO  [2024-01-16 11:49:50,672] [Thread-0] (Main.java:268) - Shutting down GSN...
INFO  [2024-01-16 11:49:50,681] [Thread-0] (VSensorLoader.java:329) - Releasing previously used resources used by [dirruhorn_dozer_nodehealth__mapped].
INFO  [2024-01-16 11:49:50,687] [Thread-0] (AbstractWrapper.java:414) - dispose called
ERROR [2024-01-16 11:49:50,689] [Thread-0] (SQLValidatorIntegration.java:68) - Connection is broken: "session closed" [90067-195]
org.h2.message.DbException: Connection is broken: "session closed" [90067-195]
	at org.h2.message.DbException.get(DbException.java:179) ~[h2-1.4.195.jar:1.4.195]
	at org.h2.message.DbException.get(DbException.java:155) ~[h2-1.4.195.jar:1.4.195]
	at org.h2.engine.Session.prepareLocal(Session.java:550) ~[h2-1.4.195.jar:1.4.195]
	at org.h2.engine.Session.prepareCommand(Session.java:514) ~[h2-1.4.195.jar:1.4.195]
	at ch.epfl.gsn.storage.SQLValidator.executeDDL(SQLValidator.java:85) ~[classes/:?]
	at ch.epfl.gsn.vsensor.SQLValidatorIntegration.vsUnLoading(SQLValidatorIntegration.java:66) [classes/:?]
	at ch.epfl.gsn.VSensorLoader.fireVSensorUnLoading(VSensorLoader.java:96) [classes/:?]
	at ch.epfl.gsn.VSensorLoader.removeAllVSResources(VSensorLoader.java:336) [classes/:?]
	at ch.epfl.gsn.VSensorLoader.stopLoading(VSensorLoader.java:513) [classes/:?]
	at ch.epfl.gsn.Main$1.run(Main.java:270) [classes/:?]
Caused by: org.h2.jdbc.JdbcSQLException: Connection is broken: "session closed" [90067-195]
	at org.h2.message.DbException.getJdbcSQLException(DbException.java:345) ~[h2-1.4.195.jar:1.4.195]
	... 10 more
ERROR [2024-01-16 11:49:50,695] [Thread-0] (VSensorLoader.java:97) - Unloading failed !
java.lang.RuntimeException: Unloading : dirruhorn_dozer_nodehealth__mapped is failed.
	at ch.epfl.gsn.VSensorLoader.fireVSensorUnLoading(VSensorLoader.java:97) [classes/:?]
	at ch.epfl.gsn.VSensorLoader.removeAllVSResources(VSensorLoader.java:336) [classes/:?]
	at ch.epfl.gsn.VSensorLoader.stopLoading(VSensorLoader.java:513) [classes/:?]
	at ch.epfl.gsn.Main$1.run(Main.java:270) [classes/:?]
INFO  [2024-01-16 11:49:50,696] [Thread-0] (VSensorLoader.java:514) - Removing the resources associated with : /home/vagrant/gsn/gsn-core/../virtual-sensors/Dirruhorn_Dozer_NodeHealth__mapped.xml [done].
WARN  [2024-01-16 11:49:50,697] [Thread-0] (H2StorageManager.java:212) - Closing the database server (for HSqlDB) [done].
WARN  [2024-01-16 11:49:50,697] [Thread-0] (H2StorageManager.java:213) - Closing the connection pool [done].
WARN  [2024-01-16 11:49:50,698] [Thread-0] (StorageManager.java:384) - Closing the connection pool [done].
WARN  [2024-01-16 11:49:50,698] [Thread-0] (StorageManager.java:384) - Closing the connection pool [done].
INFO  [2024-01-16 11:49:50,698] [Thread-0] (Main.java:271) - All virtual sensors have been stopped, shutting down virtual machine.
INFO  [2024-01-16 11:55:00,277] [main] (Main.java:301) - Loading wrappers.properties at : ../conf/wrappers.properties
INFO  [2024-01-16 11:55:00,278] [main] (Main.java:303) - Wrappers initialization ...
INFO  [2024-01-16 11:55:00,575] [main] (DataSources.java:58) - Created a DataSource to: jdbc:mysql://localhost/gsn
INFO  [2024-01-16 11:55:00,995] [main] (MySQLStorageManager.java:151) - You are using MySQL version : 5.7.42
INFO  [2024-01-16 11:55:00,996] [main] (StorageManager.java:79) - StorageManager DB connection initialized successfuly. driver:com.mysql.jdbc.Driver url:jdbc:mysql://localhost/gsn
INFO  [2024-01-16 11:55:00,997] [main] (DataSources.java:58) - Created a DataSource to: jdbc:h2:mem:sliding;DB_CLOSE_DELAY=-1
INFO  [2024-01-16 11:55:01,096] [main] (StorageManager.java:79) - StorageManager DB connection initialized successfuly. driver:org.h2.Driver url:jdbc:h2:mem:sliding;DB_CLOSE_DELAY=-1
INFO  [2024-01-16 11:55:01,096] [main] (DataSources.java:58) - Created a DataSource to: jdbc:h2:mem:validator
INFO  [2024-01-16 11:55:01,100] [main] (StorageManager.java:79) - StorageManager DB connection initialized successfuly. driver:org.h2.Driver url:jdbc:h2:mem:validator
INFO  [2024-01-16 11:55:01,271] [main] (Fury.java:137) - Created new fury io.fury.Fury@c2e3264
INFO  [2024-01-16 11:55:02,142] [VSensorLoader-Thread0] (VSensorLoader.java:242) - Reusing the existing dirruhorn_dozer_nodehealth__mapped table.
INFO  [2024-01-16 11:55:02,154] [VSensorLoader-Thread0] (VSensorLoader.java:257) - adding : dirruhorn_dozer_nodehealth__mapped virtual sensor[/home/vagrant/gsn/gsn-core/../virtual-sensors/Dirruhorn_Dozer_NodeHealth__mapped.xml]
INFO  [2024-01-16 11:55:02,155] [VSensorLoader-Thread0] (Mappings.java:55) - Testing the pool for :dirruhorn_dozer_nodehealth__mapped
INFO  [2024-01-16 11:55:02,364] [VSensorLoader-Thread0] (DataDistributer.java:126) - Adding a listener to Distributer:DefaultDistributionRequest Request[[ Delivery System: ch.epfl.gsn.networking.zeromq.ZeroMQDeliveryAsync],[Query:select * from dirruhorn_dozer_nodehealth__mapped],[startTime:1705406102361],[VirtualSensorName:dirruhorn_dozer_nodehealth__mapped]]
WARN  [2024-01-16 11:55:04,352] [Remote REST API Wrapper::dirruhorn_dozer_nodehealth__mapped] (RemoteRestAPIWrapper.java:234) - Something went wrong when querying the REST API at http://ifi-walker.uibk.ac.at:9000/ws/api/sensors/Dirruhorn_Dozer_NodeHealth__mapped/data?from=2010-07-30T19:47:04&size=50000 trying again in 1 minute...
INFO  [2024-01-16 11:55:10,113] [Thread-0] (Main.java:268) - Shutting down GSN...
INFO  [2024-01-16 11:55:10,118] [Thread-0] (VSensorLoader.java:329) - Releasing previously used resources used by [dirruhorn_dozer_nodehealth__mapped].
INFO  [2024-01-16 11:55:10,123] [Thread-0] (AbstractWrapper.java:414) - dispose called
ERROR [2024-01-16 11:55:10,124] [Thread-0] (SQLValidatorIntegration.java:68) - Connection is broken: "session closed" [90067-195]
org.h2.message.DbException: Connection is broken: "session closed" [90067-195]
	at org.h2.message.DbException.get(DbException.java:179) ~[h2-1.4.195.jar:1.4.195]
	at org.h2.message.DbException.get(DbException.java:155) ~[h2-1.4.195.jar:1.4.195]
	at org.h2.engine.Session.prepareLocal(Session.java:550) ~[h2-1.4.195.jar:1.4.195]
	at org.h2.engine.Session.prepareCommand(Session.java:514) ~[h2-1.4.195.jar:1.4.195]
	at ch.epfl.gsn.storage.SQLValidator.executeDDL(SQLValidator.java:85) ~[classes/:?]
	at ch.epfl.gsn.vsensor.SQLValidatorIntegration.vsUnLoading(SQLValidatorIntegration.java:66) [classes/:?]
	at ch.epfl.gsn.VSensorLoader.fireVSensorUnLoading(VSensorLoader.java:96) [classes/:?]
	at ch.epfl.gsn.VSensorLoader.removeAllVSResources(VSensorLoader.java:336) [classes/:?]
	at ch.epfl.gsn.VSensorLoader.stopLoading(VSensorLoader.java:513) [classes/:?]
	at ch.epfl.gsn.Main$1.run(Main.java:270) [classes/:?]
Caused by: org.h2.jdbc.JdbcSQLException: Connection is broken: "session closed" [90067-195]
	at org.h2.message.DbException.getJdbcSQLException(DbException.java:345) ~[h2-1.4.195.jar:1.4.195]
	... 10 more
ERROR [2024-01-16 11:55:10,129] [Thread-0] (VSensorLoader.java:97) - Unloading failed !
java.lang.RuntimeException: Unloading : dirruhorn_dozer_nodehealth__mapped is failed.
	at ch.epfl.gsn.VSensorLoader.fireVSensorUnLoading(VSensorLoader.java:97) [classes/:?]
	at ch.epfl.gsn.VSensorLoader.removeAllVSResources(VSensorLoader.java:336) [classes/:?]
	at ch.epfl.gsn.VSensorLoader.stopLoading(VSensorLoader.java:513) [classes/:?]
	at ch.epfl.gsn.Main$1.run(Main.java:270) [classes/:?]
INFO  [2024-01-16 11:55:10,129] [Thread-0] (VSensorLoader.java:514) - Removing the resources associated with : /home/vagrant/gsn/gsn-core/../virtual-sensors/Dirruhorn_Dozer_NodeHealth__mapped.xml [done].
WARN  [2024-01-16 11:55:10,130] [Thread-0] (H2StorageManager.java:212) - Closing the database server (for HSqlDB) [done].
WARN  [2024-01-16 11:55:10,130] [Thread-0] (H2StorageManager.java:213) - Closing the connection pool [done].
WARN  [2024-01-16 11:55:10,131] [Thread-0] (StorageManager.java:384) - Closing the connection pool [done].
WARN  [2024-01-16 11:55:10,131] [Thread-0] (StorageManager.java:384) - Closing the connection pool [done].
INFO  [2024-01-16 11:55:10,131] [Thread-0] (Main.java:271) - All virtual sensors have been stopped, shutting down virtual machine.
INFO  [2024-01-16 11:57:17,645] [main] (Main.java:301) - Loading wrappers.properties at : ../conf/wrappers.properties
INFO  [2024-01-16 11:57:17,648] [main] (Main.java:303) - Wrappers initialization ...
INFO  [2024-01-16 11:57:17,920] [main] (DataSources.java:58) - Created a DataSource to: jdbc:mysql://localhost/gsn
INFO  [2024-01-16 11:57:18,275] [main] (MySQLStorageManager.java:151) - You are using MySQL version : 5.7.42
INFO  [2024-01-16 11:57:18,276] [main] (StorageManager.java:79) - StorageManager DB connection initialized successfuly. driver:com.mysql.jdbc.Driver url:jdbc:mysql://localhost/gsn
INFO  [2024-01-16 11:57:18,277] [main] (DataSources.java:58) - Created a DataSource to: jdbc:h2:mem:sliding;DB_CLOSE_DELAY=-1
INFO  [2024-01-16 11:57:18,370] [main] (StorageManager.java:79) - StorageManager DB connection initialized successfuly. driver:org.h2.Driver url:jdbc:h2:mem:sliding;DB_CLOSE_DELAY=-1
INFO  [2024-01-16 11:57:18,371] [main] (DataSources.java:58) - Created a DataSource to: jdbc:h2:mem:validator
INFO  [2024-01-16 11:57:18,375] [main] (StorageManager.java:79) - StorageManager DB connection initialized successfuly. driver:org.h2.Driver url:jdbc:h2:mem:validator
INFO  [2024-01-16 11:57:18,591] [main] (Fury.java:137) - Created new fury io.fury.Fury@c2e3264
INFO  [2024-01-16 11:57:19,308] [VSensorLoader-Thread0] (VSensorLoader.java:242) - Reusing the existing dirruhorn_dozer_nodehealth__mapped table.
INFO  [2024-01-16 11:57:19,318] [VSensorLoader-Thread0] (VSensorLoader.java:257) - adding : dirruhorn_dozer_nodehealth__mapped virtual sensor[/home/vagrant/gsn/gsn-core/../virtual-sensors/Dirruhorn_Dozer_NodeHealth__mapped.xml]
INFO  [2024-01-16 11:57:19,319] [VSensorLoader-Thread0] (Mappings.java:55) - Testing the pool for :dirruhorn_dozer_nodehealth__mapped
INFO  [2024-01-16 11:57:19,539] [VSensorLoader-Thread0] (DataDistributer.java:126) - Adding a listener to Distributer:DefaultDistributionRequest Request[[ Delivery System: ch.epfl.gsn.networking.zeromq.ZeroMQDeliveryAsync],[Query:select * from dirruhorn_dozer_nodehealth__mapped],[startTime:1705406239537],[VirtualSensorName:dirruhorn_dozer_nodehealth__mapped]]
WARN  [2024-01-16 11:57:21,595] [Remote REST API Wrapper::dirruhorn_dozer_nodehealth__mapped] (RemoteRestAPIWrapper.java:234) - Something went wrong when querying the REST API at http://ifi-walker.uibk.ac.at:9000/ws/api/sensors/Dirruhorn_Dozer_NodeHealth__mapped/data?from=2010-07-30T19:47:04&size=50000 trying again in 1 minute...
INFO  [2024-01-16 11:57:26,807] [Thread-0] (Main.java:268) - Shutting down GSN...
INFO  [2024-01-16 11:57:26,811] [Thread-0] (VSensorLoader.java:329) - Releasing previously used resources used by [dirruhorn_dozer_nodehealth__mapped].
INFO  [2024-01-16 11:57:26,815] [Thread-0] (AbstractWrapper.java:414) - dispose called
ERROR [2024-01-16 11:57:26,817] [Thread-0] (SQLValidatorIntegration.java:68) - Connection is broken: "session closed" [90067-195]
org.h2.message.DbException: Connection is broken: "session closed" [90067-195]
	at org.h2.message.DbException.get(DbException.java:179) ~[h2-1.4.195.jar:1.4.195]
	at org.h2.message.DbException.get(DbException.java:155) ~[h2-1.4.195.jar:1.4.195]
	at org.h2.engine.Session.prepareLocal(Session.java:550) ~[h2-1.4.195.jar:1.4.195]
	at org.h2.engine.Session.prepareCommand(Session.java:514) ~[h2-1.4.195.jar:1.4.195]
	at ch.epfl.gsn.storage.SQLValidator.executeDDL(SQLValidator.java:85) ~[classes/:?]
	at ch.epfl.gsn.vsensor.SQLValidatorIntegration.vsUnLoading(SQLValidatorIntegration.java:66) [classes/:?]
	at ch.epfl.gsn.VSensorLoader.fireVSensorUnLoading(VSensorLoader.java:96) [classes/:?]
	at ch.epfl.gsn.VSensorLoader.removeAllVSResources(VSensorLoader.java:336) [classes/:?]
	at ch.epfl.gsn.VSensorLoader.stopLoading(VSensorLoader.java:513) [classes/:?]
	at ch.epfl.gsn.Main$1.run(Main.java:270) [classes/:?]
Caused by: org.h2.jdbc.JdbcSQLException: Connection is broken: "session closed" [90067-195]
	at org.h2.message.DbException.getJdbcSQLException(DbException.java:345) ~[h2-1.4.195.jar:1.4.195]
	... 10 more
ERROR [2024-01-16 11:57:26,820] [Thread-0] (VSensorLoader.java:97) - Unloading failed !
java.lang.RuntimeException: Unloading : dirruhorn_dozer_nodehealth__mapped is failed.
	at ch.epfl.gsn.VSensorLoader.fireVSensorUnLoading(VSensorLoader.java:97) [classes/:?]
	at ch.epfl.gsn.VSensorLoader.removeAllVSResources(VSensorLoader.java:336) [classes/:?]
	at ch.epfl.gsn.VSensorLoader.stopLoading(VSensorLoader.java:513) [classes/:?]
	at ch.epfl.gsn.Main$1.run(Main.java:270) [classes/:?]
INFO  [2024-01-16 11:57:26,823] [Thread-0] (VSensorLoader.java:514) - Removing the resources associated with : /home/vagrant/gsn/gsn-core/../virtual-sensors/Dirruhorn_Dozer_NodeHealth__mapped.xml [done].
WARN  [2024-01-16 11:57:26,824] [Thread-0] (H2StorageManager.java:212) - Closing the database server (for HSqlDB) [done].
WARN  [2024-01-16 11:57:26,824] [Thread-0] (H2StorageManager.java:213) - Closing the connection pool [done].
WARN  [2024-01-16 11:57:26,824] [Thread-0] (StorageManager.java:384) - Closing the connection pool [done].
WARN  [2024-01-16 11:57:26,825] [Thread-0] (StorageManager.java:384) - Closing the connection pool [done].
INFO  [2024-01-16 11:57:26,825] [Thread-0] (Main.java:271) - All virtual sensors have been stopped, shutting down virtual machine.
